# JRE version: OpenJDK Runtime Environment (17.0.6) (build 17.0.6+0-b2043.56-10027231)
# Java VM: OpenJDK 64-Bit Server VM (17.0.6+0-b2043.56-10027231, mixed mode, tiered, compressed oops, compressed class ptrs, g1 gc, windows-amd64)
GC Precious Log:
 CPUs: 16 total, 16 available
 Memory: 14198M
 Large Page Support: Disabled
 NUMA Support: Disabled
 Compressed Oops: Enabled (32-bit)
 Heap Region Size: 1M
 Heap Min Capacity: 8M
 Heap Initial Capacity: 222M
 Heap Max Capacity: 2G
 Pre-touch: Disabled
 Parallel Workers: 13
 Concurrent Workers: 3
 Concurrent Refinement Workers: 13
 Periodic GC: Disabled
Heap:
 garbage-first heap   total 380928K, used 126006K [0x0000000080000000, 0x0000000100000000)
  region size 1024K, 10 young (10240K), 10 survivors (10240K)
 Metaspace       used 146638K, committed 147648K, reserved 1179648K
  class space    used 19617K, committed 20160K, reserved 1048576K
GC Heap History (20 events):
Event: 4557.798 GC heap after
{Heap after GC invocations=54 (full 0):
 garbage-first heap   total 270336K, used 196337K [0x0000000080000000, 0x0000000100000000)
  region size 1024K, 7 young (7168K), 7 survivors (7168K)
 Metaspace       used 142213K, committed 143296K, reserved 1179648K
  class space    used 19307K, committed 19840K, reserved 1048576K
}
Event: 4557.957 GC heap before
{Heap before GC invocations=54 (full 0):
 garbage-first heap   total 270336K, used 226033K [0x0000000080000000, 0x0000000100000000)
  region size 1024K, 36 young (36864K), 7 survivors (7168K)
 Metaspace       used 142242K, committed 143296K, reserved 1179648K
  class space    used 19310K, committed 19840K, reserved 1048576K
}
Event: 4557.962 GC heap after
{Heap after GC invocations=55 (full 0):
 garbage-first heap   total 270336K, used 200426K [0x0000000080000000, 0x0000000100000000)
  region size 1024K, 5 young (5120K), 5 survivors (5120K)
 Metaspace       used 142242K, committed 143296K, reserved 1179648K
  class space    used 19310K, committed 19840K, reserved 1048576K
}
Event: 4558.012 GC heap before
{Heap before GC invocations=55 (full 0):
 garbage-first heap   total 270336K, used 218858K [0x0000000080000000, 0x0000000100000000)
  region size 1024K, 12 young (12288K), 5 survivors (5120K)
 Metaspace       used 142242K, committed 143296K, reserved 1179648K
  class space    used 19310K, committed 19840K, reserved 1048576K
}
Event: 4558.019 GC heap after
{Heap after GC invocations=56 (full 0):
 garbage-first heap   total 270336K, used 208865K [0x0000000080000000, 0x0000000100000000)
  region size 1024K, 4 young (4096K), 4 survivors (4096K)
 Metaspace       used 142242K, committed 143296K, reserved 1179648K
  class space    used 19310K, committed 19840K, reserved 1048576K
}
Event: 4558.128 GC heap before
{Heap before GC invocations=56 (full 0):
 garbage-first heap   total 270336K, used 226273K [0x0000000080000000, 0x0000000100000000)
  region size 1024K, 18 young (18432K), 4 survivors (4096K)
 Metaspace       used 142919K, committed 144000K, reserved 1179648K
  class space    used 19362K, committed 19904K, reserved 1048576K
}
Event: 4558.134 GC heap after
{Heap after GC invocations=57 (full 0):
 garbage-first heap   total 380928K, used 207056K [0x0000000080000000, 0x0000000100000000)
  region size 1024K, 3 young (3072K), 3 survivors (3072K)
 Metaspace       used 142919K, committed 144000K, reserved 1179648K
  class space    used 19362K, committed 19904K, reserved 1048576K
}
Event: 4558.744 GC heap before
{Heap before GC invocations=57 (full 0):
 garbage-first heap   total 380928K, used 269520K [0x0000000080000000, 0x0000000100000000)
  region size 1024K, 65 young (66560K), 3 survivors (3072K)
 Metaspace       used 145293K, committed 146304K, reserved 1179648K
  class space    used 19548K, committed 20032K, reserved 1048576K
}
Event: 4558.746 GC heap after
{Heap after GC invocations=58 (full 0):
 garbage-first heap   total 380928K, used 206505K [0x0000000080000000, 0x0000000100000000)
  region size 1024K, 2 young (2048K), 2 survivors (2048K)
 Metaspace       used 145293K, committed 146304K, reserved 1179648K
  class space    used 19548K, committed 20032K, reserved 1048576K
}
Event: 4560.102 GC heap before
{Heap before GC invocations=58 (full 0):
 garbage-first heap   total 380928K, used 262825K [0x0000000080000000, 0x0000000100000000)
  region size 1024K, 59 young (60416K), 2 survivors (2048K)
 Metaspace       used 145542K, committed 146560K, reserved 1179648K
  class space    used 19575K, committed 20096K, reserved 1048576K
}
Event: 4560.106 GC heap after
{Heap after GC invocations=59 (full 0):
 garbage-first heap   total 380928K, used 209767K [0x0000000080000000, 0x0000000100000000)
  region size 1024K, 5 young (5120K), 5 survivors (5120K)
 Metaspace       used 145542K, committed 146560K, reserved 1179648K
  class space    used 19575K, committed 20096K, reserved 1048576K
}
Event: 4561.212 GC heap before
{Heap before GC invocations=60 (full 0):
 garbage-first heap   total 380928K, used 263954K [0x0000000080000000, 0x0000000100000000)
  region size 1024K, 80 young (81920K), 5 survivors (5120K)
 Metaspace       used 145869K, committed 147072K, reserved 1179648K
  class space    used 19560K, committed 20160K, reserved 1048576K
}
Event: 4561.216 GC heap after
{Heap after GC invocations=61 (full 0):
 garbage-first heap   total 380928K, used 189397K [0x0000000080000000, 0x0000000100000000)
  region size 1024K, 6 young (6144K), 6 survivors (6144K)
 Metaspace       used 145869K, committed 147072K, reserved 1179648K
  class space    used 19560K, committed 20160K, reserved 1048576K
}
Event: 4561.242 GC heap before
{Heap before GC invocations=61 (full 0):
 garbage-first heap   total 380928K, used 202709K [0x0000000080000000, 0x0000000100000000)
  region size 1024K, 18 young (18432K), 6 survivors (6144K)
 Metaspace       used 145891K, committed 147072K, reserved 1179648K
  class space    used 19562K, committed 20160K, reserved 1048576K
}
Event: 4561.246 GC heap after
{Heap after GC invocations=62 (full 0):
 garbage-first heap   total 380928K, used 150362K [0x0000000080000000, 0x0000000100000000)
  region size 1024K, 3 young (3072K), 3 survivors (3072K)
 Metaspace       used 145891K, committed 147072K, reserved 1179648K
  class space    used 19562K, committed 20160K, reserved 1048576K
}
Event: 4561.276 GC heap before
{Heap before GC invocations=62 (full 0):
 garbage-first heap   total 380928K, used 164698K [0x0000000080000000, 0x0000000100000000)
  region size 1024K, 18 young (18432K), 3 survivors (3072K)
 Metaspace       used 145990K, committed 147136K, reserved 1179648K
  class space    used 19587K, committed 20160K, reserved 1048576K
}
Event: 4561.286 GC heap after
{Heap after GC invocations=63 (full 0):
 garbage-first heap   total 380928K, used 118742K [0x0000000080000000, 0x0000000100000000)
  region size 1024K, 3 young (3072K), 3 survivors (3072K)
 Metaspace       used 145990K, committed 147136K, reserved 1179648K
  class space    used 19587K, committed 20160K, reserved 1048576K
}
Event: 4561.313 GC heap before
{Heap before GC invocations=63 (full 0):
 garbage-first heap   total 380928K, used 133078K [0x0000000080000000, 0x0000000100000000)
  region size 1024K, 18 young (18432K), 3 survivors (3072K)
 Metaspace       used 146040K, committed 147136K, reserved 1179648K
  class space    used 19591K, committed 20160K, reserved 1048576K
}
Event: 4561.321 GC heap after
{Heap after GC invocations=64 (full 0):
 garbage-first heap   total 380928K, used 119418K [0x0000000080000000, 0x0000000100000000)
  region size 1024K, 3 young (3072K), 3 survivors (3072K)
 Metaspace       used 146040K, committed 147136K, reserved 1179648K
  class space    used 19591K, committed 20160K, reserved 1048576K
}
Event: 4839.045 GC heap before
{Heap before GC invocations=64 (full 0):
 garbage-first heap   total 380928K, used 273018K [0x0000000080000000, 0x0000000100000000)
  region size 1024K, 140 young (143360K), 3 survivors (3072K)
 Metaspace       used 146638K, committed 147648K, reserved 1179648K
  class space    used 19617K, committed 20160K, reserved 1048576K
}

